▲ Next.js 16.1.6 (Turbopack)
- Local:         http://localhost:3000
- Network:       http://172.25.31.160:3000
- Environments: .env.local

✓ Starting...
✓ Ready in 1350ms
 POST /api/auth/register 200 in 3.3s (compile: 785ms, render: 2.5s)
 POST /api/auth/login 200 in 143ms (compile: 57ms, render: 86ms)
 POST /api/sales 200 in 2.5s (compile: 45ms, render: 2.5s)
 GET /api/user/sales 200 in 300ms (compile: 291ms, render: 10ms)
 GET /registrar-venta 200 in 540ms (compile: 389ms, render: 152ms)
 GET / 200 in 64ms (compile: 13ms, render: 51ms)
 GET / 200 in 38ms (compile: 3ms, render: 34ms)
 GET /mis-ventas 200 in 539ms (compile: 520ms, render: 19ms)
 GET /api/user/sales 401 in 11ms (compile: 5ms, render: 6ms)
 GET /api/user/sales 401 in 9ms (compile: 3ms, render: 5ms)
 GET /mis-ventas 200 in 43ms (compile: 3ms, render: 40ms)
 GET /api/user/sales 401 in 6ms (compile: 1974µs, render: 4ms)
 GET / 200 in 19ms (compile: 3ms, render: 16ms)
 GET /mis-ventas 200 in 16ms (compile: 2ms, render: 14ms)
 GET /api/user/sales 401 in 7ms (compile: 1763µs, render: 5ms)
 GET /api/user/sales 401 in 8ms (compile: 3ms, render: 5ms)
[?25h
